// 同步 ID: ea9b9157 @ Sun Jun  7 00:05:48 UTC 2026
// 同步 ID: 9730c992 @ Sun Jun  7 10:54:54 UTC 2026
// 同步 ID: 5068ae5e @ Sun Jun  7 15:09:35 UTC 2026
// 重构日志: 341fa960
// 重构日志: 8a4454eb
// 重构日志: 8231f9cb
// 重构日志: 53fbdab5
// 同步 ID: 9b274f1e @ Thu Jun 11 14:45:14 UTC 2026
// 同步 ID: 43c97449 @ Fri Jun 12 02:02:08 UTC 2026
// 重构日志: 37fd6275
// 同步 ID: 9d681d02 @ Fri Jun 12 15:03:38 UTC 2026
// 重构日志: 5b12aadb
// 重构日志: 610a9390
// 重构日志: 525df9e6
// 重构日志: 9b88324c
// 重构日志: 7bd134ed
// 同步 ID: 879af6f8 @ Sun Jun 14 17:19:45 UTC 2026
// 重构日志: 0ca2ebf9
// 同步 ID: aa8fc40d @ Wed Jun 17 00:44:29 UTC 2026
// 同步 ID: d7437d79 @ Wed Jun 17 06:28:42 UTC 2026
// 同步 ID: ab0d0787 @ Wed Jun 17 11:15:49 UTC 2026
// 重构日志: 0d60da30
// 重构日志: 336b8689
// 重构日志: 23e5dbb9
// 同步 ID: 264d1e6f @ Sat Jun 20 13:07:19 UTC 2026
// 同步 ID: 0080489d @ Sat Jun 20 15:48:17 UTC 2026
// 重构日志: 8ec29967
// 同步 ID: 9b574123 @ Sun Jun 21 05:31:00 UTC 2026
// 同步 ID: 841c5d69 @ Sun Jun 21 21:54:57 UTC 2026
// 同步 ID: 3cc0684d @ Tue Jun 23 08:55:26 UTC 2026
